{"total": {"lines":{"total":28,"covered":28,"skipped":0,"pct":100},"statements":{"total":29,"covered":28,"skipped":0,"pct":96.55},"functions":{"total":11,"covered":10,"skipped":0,"pct":90.9},"branches":{"total":26,"covered":23,"skipped":0,"pct":88.46},"branchesTrue":{"total":0,"covered":0,"skipped":0,"pct":100}}
,"/Users/chriswilson/Documents/repos/Resonance/web/src/App.tsx": {"lines":{"total":20,"covered":20,"skipped":0,"pct":100},"functions":{"total":10,"covered":9,"skipped":0,"pct":90},"statements":{"total":21,"covered":20,"skipped":0,"pct":95.23},"branches":{"total":16,"covered":13,"skipped":0,"pct":81.25}}
,"/Users/chriswilson/Documents/repos/Resonance/web/src/theme.ts": {"lines":{"total":1,"covered":1,"skipped":0,"pct":100},"functions":{"total":0,"covered":0,"skipped":0,"pct":100},"statements":{"total":1,"covered":1,"skipped":0,"pct":100},"branches":{"total":0,"covered":0,"skipped":0,"pct":100}}
,"/Users/chriswilson/Documents/repos/Resonance/web/src/vite-env.d.ts": {"lines":{"total":0,"covered":0,"skipped":0,"pct":100},"functions":{"total":0,"covered":0,"skipped":0,"pct":100},"statements":{"total":0,"covered":0,"skipped":0,"pct":100},"branches":{"total":0,"covered":0,"skipped":0,"pct":100}}
,"/Users/chriswilson/Documents/repos/Resonance/web/src/api/client.ts": {"lines":{"total":7,"covered":7,"skipped":0,"pct":100},"functions":{"total":1,"covered":1,"skipped":0,"pct":100},"statements":{"total":7,"covered":7,"skipped":0,"pct":100},"branches":{"total":10,"covered":10,"skipped":0,"pct":100}}
}
